2019-05-14 12:13:05,944 - DEBUG - Running with config {'choidataset': '/home/ec2-user/ELS/py3/py/text-segmentation/data/data_els/Deep-L/data/', 'cuda': True, 'test': True, 'bs': 8, 'test_bs': 5, 'epochs': 10, 'model': 'max_sentence_embedding', 'load_from': None, 'expname': 'exp1', 'checkpoint_dir': 'checkpoints', 'stop_after': None, 'config': 'config.json', 'wiki': False, 'num_workers': 0, 'high_granularity': False, 'infer': None}
2019-05-14 12:20:11,737 - DEBUG - Training Epoch: 1, Loss: 0.2057.
2019-05-14 12:20:40,463 - INFO - Validating Epoch: 1, accuracy: 0.9622, Pk: 0.3842, Windiff: -1.0, F1: 0.0 . 
2019-05-14 12:21:08,273 - DEBUG - Testing Epoch: 1, accuracy: 0.9622, Pk: 0.3844, Windiff: -1.0, F1: 0.0 . 
2019-05-14 12:21:08,275 - DEBUG - [32mCurrent best model from epoch 0 with p_k 0.384386144902047 and threshold 0.05[0m
2019-05-14 12:28:42,767 - DEBUG - Training Epoch: 2, Loss: 0.1642.
2019-05-14 12:29:11,320 - INFO - Validating Epoch: 2, accuracy: 0.9622, Pk: 0.3677, Windiff: -1.0, F1: 0.0 . 
2019-05-14 12:29:38,950 - DEBUG - Testing Epoch: 2, accuracy: 0.9622, Pk: 0.3694, Windiff: -1.0, F1: 0.0 . 
2019-05-14 12:29:38,952 - DEBUG - [32mCurrent best model from epoch 1 with p_k 0.36938785480482683 and threshold 0.1[0m
2019-05-14 12:37:16,254 - DEBUG - Training Epoch: 3, Loss: 0.1428.
2019-05-14 12:37:45,136 - INFO - Validating Epoch: 3, accuracy: 0.9622, Pk: 0.3521, Windiff: -1.0, F1: 0.0 . 
2019-05-14 12:38:13,550 - DEBUG - Testing Epoch: 3, accuracy: 0.9622, Pk: 0.3615, Windiff: -1.0, F1: 0.0 . 
2019-05-14 12:38:13,551 - DEBUG - [32mCurrent best model from epoch 2 with p_k 0.36147344765254774 and threshold 0.25[0m
2019-05-14 12:45:33,076 - DEBUG - Training Epoch: 4, Loss: 0.1107.
2019-05-14 12:46:01,715 - INFO - Validating Epoch: 4, accuracy: 0.9646, Pk: 0.2879, Windiff: -1.0, F1: 0.1316 . 
2019-05-14 12:46:29,429 - DEBUG - Testing Epoch: 4, accuracy: 0.9645, Pk: 0.2921, Windiff: -1.0, F1: 0.1255 . 
2019-05-14 12:46:29,430 - DEBUG - [32mCurrent best model from epoch 3 with p_k 0.2921491035223997 and threshold 0.15000000000000002[0m
2019-05-14 12:53:43,631 - DEBUG - Training Epoch: 5, Loss: 0.08785.
2019-05-14 12:54:12,300 - INFO - Validating Epoch: 5, accuracy: 0.9723, Pk: 0.2036, Windiff: -1.0, F1: 0.578 . 
2019-05-14 12:54:40,024 - DEBUG - Testing Epoch: 5, accuracy: 0.9724, Pk: 0.2004, Windiff: -1.0, F1: 0.5777 . 
2019-05-14 12:54:40,025 - DEBUG - [32mCurrent best model from epoch 4 with p_k 0.20035175142899017 and threshold 0.2[0m
2019-05-14 13:02:17,334 - DEBUG - Training Epoch: 6, Loss: 0.0741.
2019-05-14 13:02:45,966 - INFO - Validating Epoch: 6, accuracy: 0.9764, Pk: 0.168, Windiff: -1.0, F1: 0.6009 . 
2019-05-14 13:03:13,702 - DEBUG - Testing Epoch: 6, accuracy: 0.9764, Pk: 0.1695, Windiff: -1.0, F1: 0.5975 . 
2019-05-14 13:03:13,704 - DEBUG - [32mCurrent best model from epoch 5 with p_k 0.16947579266207435 and threshold 0.1[0m
2019-05-14 13:10:39,062 - DEBUG - Training Epoch: 7, Loss: 0.06703.
2019-05-14 13:11:07,988 - INFO - Validating Epoch: 7, accuracy: 0.9764, Pk: 0.1471, Windiff: -1.0, F1: 0.6609 . 
2019-05-14 13:11:35,944 - DEBUG - Testing Epoch: 7, accuracy: 0.9764, Pk: 0.1511, Windiff: -1.0, F1: 0.6634 . 
2019-05-14 13:11:35,945 - DEBUG - [32mCurrent best model from epoch 6 with p_k 0.15110655137036494 and threshold 0.35000000000000003[0m
2019-05-14 13:19:05,595 - DEBUG - Training Epoch: 8, Loss: 0.05591.
2019-05-14 13:19:34,206 - INFO - Validating Epoch: 8, accuracy: 0.9813, Pk: 0.1336, Windiff: -1.0, F1: 0.7617 . 
2019-05-14 13:20:01,862 - DEBUG - Testing Epoch: 8, accuracy: 0.9813, Pk: 0.1406, Windiff: -1.0, F1: 0.762 . 
2019-05-14 13:20:01,863 - DEBUG - [32mCurrent best model from epoch 7 with p_k 0.14060286286579707 and threshold 0.45[0m
2019-05-14 13:27:39,931 - DEBUG - Training Epoch: 9, Loss: 0.05608.
2019-05-14 13:28:08,645 - INFO - Validating Epoch: 9, accuracy: 0.9778, Pk: 0.1311, Windiff: -1.0, F1: 0.6082 . 
2019-05-14 13:28:36,414 - DEBUG - Testing Epoch: 9, accuracy: 0.9788, Pk: 0.1268, Windiff: -1.0, F1: 0.6299 . 
2019-05-14 13:28:36,415 - DEBUG - [32mCurrent best model from epoch 8 with p_k 0.12677707753187747 and threshold 0.2[0m
2019-05-14 13:36:06,078 - DEBUG - Training Epoch: 10, Loss: 0.05076.
2019-05-14 13:36:34,662 - INFO - Validating Epoch: 10, accuracy: 0.9856, Pk: 0.1144, Windiff: -1.0, F1: 0.8026 . 
2019-05-14 13:37:02,443 - DEBUG - Testing Epoch: 10, accuracy: 0.9857, Pk: 0.1082, Windiff: -1.0, F1: 0.807 . 
2019-05-14 13:37:02,445 - DEBUG - [32mCurrent best model from epoch 9 with p_k 0.10821241877961796 and threshold 0.35000000000000003[0m
2019-05-20 15:43:42,566 - DEBUG - Running with config {'cuda': True, 'choidataset': '/home/ec2-user/ELS/py3/py/text-segmentation/data/data_els/Deep-L/data/', 'test': True, 'bs': 8, 'test_bs': 5, 'epochs': 10, 'model': 'max_sentence_embedding', 'load_from': None, 'expname': 'exp1', 'checkpoint_dir': 'checkpoints', 'stop_after': None, 'config': 'config.json', 'wiki': False, 'num_workers': 0, 'high_granularity': False, 'infer': None}
2019-05-20 15:49:27,405 - DEBUG - Running with config {'cuda': True, 'choidataset': '/home/ec2-user/ELS/py3/py/text-segmentation/data/data_els/Deep-L/data/', 'test': True, 'bs': 8, 'test_bs': 5, 'epochs': 10, 'model': 'max_sentence_embedding', 'load_from': None, 'expname': 'exp1', 'checkpoint_dir': 'checkpoints', 'stop_after': None, 'config': 'config.json', 'wiki': False, 'num_workers': 0, 'high_granularity': False, 'infer': None}
2019-05-20 15:51:27,945 - DEBUG - Running with config {'cuda': True, 'choidataset': '/home/ec2-user/ELS/py3/py/text-segmentation/data/data_els/Deep-L/data/', 'test': True, 'bs': 8, 'test_bs': 5, 'epochs': 10, 'model': 'max_sentence_embedding', 'load_from': None, 'expname': 'exp1', 'checkpoint_dir': 'checkpoints', 'stop_after': None, 'config': 'config.json', 'wiki': False, 'num_workers': 0, 'high_granularity': False, 'infer': None}
2019-05-20 15:58:47,714 - DEBUG - Running with config {'choidataset': '/home/ec2-user/ELS/py3/1_test/text-segmentation/data/data_els/Deep-L/data', 'cuda': True, 'test': True, 'bs': 8, 'test_bs': 5, 'epochs': 10, 'model': 'max_sentence_embedding', 'load_from': None, 'expname': 'exp1', 'checkpoint_dir': 'checkpoints', 'stop_after': None, 'config': 'config.json', 'wiki': False, 'num_workers': 0, 'high_granularity': False, 'infer': None}
2019-05-20 15:59:12,332 - DEBUG - Running with config {'choidataset': '/home/ec2-user/ELS/py3/1_test/text-segmentation/data/data_els/Deep-L/data', 'cuda': True, 'test': True, 'bs': 8, 'test_bs': 5, 'epochs': 10, 'model': 'max_sentence_embedding', 'load_from': None, 'expname': 'exp1', 'checkpoint_dir': 'checkpoints', 'stop_after': None, 'config': 'config.json', 'wiki': False, 'num_workers': 0, 'high_granularity': False, 'infer': None}
2019-05-20 16:05:47,999 - DEBUG - Running with config {'choidataset': '/home/ec2-user/ELS/py3/1_test/text-segmentation/data/data_els/Deep-L/data', 'cuda': True, 'test': True, 'bs': 8, 'test_bs': 5, 'epochs': 10, 'model': 'max_sentence_embedding', 'load_from': None, 'expname': 'exp1', 'checkpoint_dir': 'checkpoints', 'stop_after': None, 'config': 'config.json', 'wiki': False, 'num_workers': 0, 'high_granularity': False, 'infer': None}
2019-05-20 19:17:19,172 - DEBUG - Running with config {'choidataset': '/home/ec2-user/ELS/py3/1_test/text-segmentation/data/data_els/Deep-L/data', 'cuda': True, 'test': True, 'bs': 8, 'test_bs': 5, 'epochs': 10, 'model': 'max_sentence_embedding', 'load_from': None, 'expname': 'exp1', 'checkpoint_dir': 'checkpoints', 'stop_after': None, 'config': 'config.json', 'wiki': False, 'num_workers': 0, 'high_granularity': False, 'infer': None}
2019-05-20 19:27:22,696 - DEBUG - Training Epoch: 1, Loss: 0.2679.
2019-05-20 19:28:06,906 - INFO - Validating Epoch: 1, accuracy: 0.9316, Pk: 0.309, Windiff: -1.0, F1: 0.0 . 
2019-05-20 19:28:49,546 - DEBUG - Testing Epoch: 1, accuracy: 0.9316, Pk: 0.3083, Windiff: -1.0, F1: 0.0 . 
2019-05-20 19:28:49,549 - DEBUG - [32mCurrent best model from epoch 0 with p_k 0.3082558139534884 and threshold 0.1[0m
2019-05-20 19:39:14,978 - DEBUG - Training Epoch: 2, Loss: 0.1796.
2019-05-20 19:39:59,347 - INFO - Validating Epoch: 2, accuracy: 0.9491, Pk: 0.2281, Windiff: -1.0, F1: 0.58 . 
2019-05-20 19:40:42,271 - DEBUG - Testing Epoch: 2, accuracy: 0.9485, Pk: 0.2272, Windiff: -1.0, F1: 0.5754 . 
2019-05-20 19:40:42,273 - DEBUG - [32mCurrent best model from epoch 1 with p_k 0.22723837209302325 and threshold 0.45[0m
2019-05-20 19:50:54,905 - DEBUG - Training Epoch: 3, Loss: 0.1256.
2019-05-20 19:51:39,210 - INFO - Validating Epoch: 3, accuracy: 0.9603, Pk: 0.1603, Windiff: -1.0, F1: 0.6615 . 
2019-05-20 19:52:21,955 - DEBUG - Testing Epoch: 3, accuracy: 0.9607, Pk: 0.1607, Windiff: -1.0, F1: 0.6645 . 
2019-05-20 19:52:21,957 - DEBUG - [32mCurrent best model from epoch 2 with p_k 0.16072674418604652 and threshold 0.35000000000000003[0m
2019-05-20 20:02:50,211 - DEBUG - Training Epoch: 4, Loss: 0.1053.
2019-05-20 20:03:34,614 - INFO - Validating Epoch: 4, accuracy: 0.9574, Pk: 0.1321, Windiff: -1.0, F1: 0.5768 . 
2019-05-20 20:04:17,500 - DEBUG - Testing Epoch: 4, accuracy: 0.957, Pk: 0.129, Windiff: -1.0, F1: 0.5711 . 
2019-05-20 20:04:17,503 - DEBUG - [32mCurrent best model from epoch 3 with p_k 0.12904069767441861 and threshold 0.2[0m
2019-05-20 20:14:33,740 - DEBUG - Training Epoch: 5, Loss: 0.09145.
2019-05-20 20:15:18,265 - INFO - Validating Epoch: 5, accuracy: 0.9679, Pk: 0.1045, Windiff: -1.0, F1: 0.7215 . 
2019-05-20 20:16:01,143 - DEBUG - Testing Epoch: 5, accuracy: 0.9681, Pk: 0.1064, Windiff: -1.0, F1: 0.7232 . 
2019-05-20 20:16:01,145 - DEBUG - [32mCurrent best model from epoch 4 with p_k 0.10642441860465117 and threshold 0.30000000000000004[0m
2019-05-20 20:25:45,807 - DEBUG - Training Epoch: 6, Loss: 0.0842.
2019-05-20 20:26:30,217 - INFO - Validating Epoch: 6, accuracy: 0.9745, Pk: 0.0939, Windiff: -1.0, F1: 0.8065 . 
2019-05-20 20:27:13,044 - DEBUG - Testing Epoch: 6, accuracy: 0.9738, Pk: 0.09535, Windiff: -1.0, F1: 0.8023 . 
2019-05-20 20:27:13,046 - DEBUG - [32mCurrent best model from epoch 5 with p_k 0.09534883720930233 and threshold 0.45[0m
2019-05-20 20:37:27,180 - DEBUG - Training Epoch: 7, Loss: 0.07554.
2019-05-20 20:38:11,509 - INFO - Validating Epoch: 7, accuracy: 0.9738, Pk: 0.08535, Windiff: -1.0, F1: 0.7818 . 
2019-05-20 20:38:54,230 - DEBUG - Testing Epoch: 7, accuracy: 0.9739, Pk: 0.08439, Windiff: -1.0, F1: 0.782 . 
2019-05-20 20:38:54,232 - DEBUG - [32mCurrent best model from epoch 6 with p_k 0.08438953488372093 and threshold 0.2[0m
2019-05-20 20:49:15,389 - DEBUG - Training Epoch: 8, Loss: 0.07047.
2019-05-20 20:49:59,740 - INFO - Validating Epoch: 8, accuracy: 0.9777, Pk: 0.07983, Windiff: -1.0, F1: 0.8253 . 
2019-05-20 20:50:42,575 - DEBUG - Testing Epoch: 8, accuracy: 0.9777, Pk: 0.07706, Windiff: -1.0, F1: 0.8258 . 
2019-05-20 20:50:42,577 - DEBUG - [32mCurrent best model from epoch 7 with p_k 0.0770639534883721 and threshold 0.45[0m
2019-05-20 21:00:53,189 - DEBUG - Training Epoch: 9, Loss: 0.06467.
2019-05-20 21:01:37,540 - INFO - Validating Epoch: 9, accuracy: 0.9793, Pk: 0.07468, Windiff: -1.0, F1: 0.8491 . 
2019-05-20 21:02:20,304 - DEBUG - Testing Epoch: 9, accuracy: 0.9788, Pk: 0.07381, Windiff: -1.0, F1: 0.845 . 
2019-05-20 21:02:20,307 - DEBUG - [32mCurrent best model from epoch 8 with p_k 0.07380813953488372 and threshold 0.55[0m
2019-05-20 21:12:20,689 - DEBUG - Training Epoch: 10, Loss: 0.0597.
2019-05-20 21:13:05,094 - INFO - Validating Epoch: 10, accuracy: 0.978, Pk: 0.08108, Windiff: -1.0, F1: 0.8308 . 
2019-05-22 11:44:01,602 - DEBUG - Running with config {'cuda': True, 'choidataset': '/home/ec2-user/ELS/py3/1_test/text-segmentation/data/data_els/Deep-L/data', 'test': True, 'bs': 8, 'test_bs': 5, 'epochs': 10, 'model': 'from_presentation', 'load_from': None, 'expname': 'exp1', 'checkpoint_dir': 'checkpoints', 'stop_after': None, 'config': 'config.json', 'wiki': False, 'num_workers': 0, 'high_granularity': False, 'infer': None}
2019-05-22 11:44:56,841 - DEBUG - Training Epoch: 1, Loss: 0.2798.
2019-05-22 11:45:37,082 - INFO - Validating Epoch: 1, accuracy: 0.9317, Pk: 0.3625, Windiff: -1.0, F1: 0.0 . 
2019-05-22 11:46:15,819 - DEBUG - Testing Epoch: 1, accuracy: 0.9317, Pk: 0.3625, Windiff: -1.0, F1: 0.0 . 
2019-05-22 11:46:15,819 - DEBUG - [32mCurrent best model from epoch 0 with p_k 0.3625 and threshold 0.15000000000000002[0m
2019-05-22 11:47:07,990 - DEBUG - Training Epoch: 2, Loss: 0.2389.
2019-05-22 11:47:48,207 - INFO - Validating Epoch: 2, accuracy: 0.9317, Pk: 0.2724, Windiff: -1.0, F1: 0.0 . 
2019-05-22 11:48:27,041 - DEBUG - Testing Epoch: 2, accuracy: 0.9317, Pk: 0.2722, Windiff: -1.0, F1: 0.0 . 
2019-05-22 11:48:27,042 - DEBUG - [32mCurrent best model from epoch 1 with p_k 0.27215777262180973 and threshold 0.30000000000000004[0m
2019-05-22 11:49:19,267 - DEBUG - Training Epoch: 3, Loss: 0.1754.
2019-05-22 11:49:59,417 - INFO - Validating Epoch: 3, accuracy: 0.9422, Pk: 0.2323, Windiff: -1.0, F1: 0.3508 . 
2019-05-22 11:50:38,072 - DEBUG - Testing Epoch: 3, accuracy: 0.942, Pk: 0.2291, Windiff: -1.0, F1: 0.3521 . 
2019-05-22 11:50:38,072 - DEBUG - [32mCurrent best model from epoch 2 with p_k 0.2291183294663573 and threshold 0.25[0m
2019-05-22 11:51:29,780 - DEBUG - Training Epoch: 4, Loss: 0.1464.
2019-05-22 11:52:09,943 - INFO - Validating Epoch: 4, accuracy: 0.952, Pk: 0.1794, Windiff: -1.0, F1: 0.5244 . 
2019-05-22 11:52:48,644 - DEBUG - Testing Epoch: 4, accuracy: 0.9523, Pk: 0.1818, Windiff: -1.0, F1: 0.5305 . 
2019-05-22 11:52:48,644 - DEBUG - [32mCurrent best model from epoch 3 with p_k 0.1818445475638051 and threshold 0.2[0m
2019-05-22 11:53:40,616 - DEBUG - Training Epoch: 5, Loss: 0.1113.
2019-05-22 11:54:21,035 - INFO - Validating Epoch: 5, accuracy: 0.9664, Pk: 0.1327, Windiff: -1.0, F1: 0.7553 . 
2019-05-22 11:54:59,664 - DEBUG - Testing Epoch: 5, accuracy: 0.9664, Pk: 0.1333, Windiff: -1.0, F1: 0.7564 . 
2019-05-22 11:54:59,664 - DEBUG - [32mCurrent best model from epoch 4 with p_k 0.13329466357308584 and threshold 0.45[0m
2019-05-22 11:55:51,708 - DEBUG - Training Epoch: 6, Loss: 0.08967.
2019-05-22 11:56:31,948 - INFO - Validating Epoch: 6, accuracy: 0.9725, Pk: 0.09881, Windiff: -1.0, F1: 0.7832 . 
2019-05-22 11:57:10,713 - DEBUG - Testing Epoch: 6, accuracy: 0.972, Pk: 0.1021, Windiff: -1.0, F1: 0.7794 . 
2019-05-22 11:57:10,713 - DEBUG - [32mCurrent best model from epoch 5 with p_k 0.10211716937354988 and threshold 0.35000000000000003[0m
2019-05-22 11:58:02,739 - DEBUG - Training Epoch: 7, Loss: 0.07675.
2019-05-22 11:58:42,938 - INFO - Validating Epoch: 7, accuracy: 0.9748, Pk: 0.09208, Windiff: -1.0, F1: 0.7949 . 
2019-05-22 11:59:21,650 - DEBUG - Testing Epoch: 7, accuracy: 0.975, Pk: 0.09327, Windiff: -1.0, F1: 0.7978 . 
2019-05-22 11:59:21,650 - DEBUG - [32mCurrent best model from epoch 6 with p_k 0.09327146171693736 and threshold 0.4[0m
2019-05-22 12:00:13,461 - DEBUG - Training Epoch: 8, Loss: 0.0696.
2019-05-22 12:00:53,722 - INFO - Validating Epoch: 8, accuracy: 0.9779, Pk: 0.08089, Windiff: -1.0, F1: 0.8402 . 
2019-05-22 12:01:32,370 - DEBUG - Testing Epoch: 8, accuracy: 0.9782, Pk: 0.07906, Windiff: -1.0, F1: 0.8418 . 
2019-05-22 12:01:32,370 - DEBUG - [32mCurrent best model from epoch 7 with p_k 0.07906032482598607 and threshold 0.6000000000000001[0m
2019-05-22 12:02:24,476 - DEBUG - Training Epoch: 9, Loss: 0.06328.
2019-05-22 12:03:04,748 - INFO - Validating Epoch: 9, accuracy: 0.9787, Pk: 0.07642, Windiff: -1.0, F1: 0.8348 . 
2019-05-22 12:03:43,373 - DEBUG - Testing Epoch: 9, accuracy: 0.979, Pk: 0.07544, Windiff: -1.0, F1: 0.8366 . 
2019-05-22 12:03:43,373 - DEBUG - [32mCurrent best model from epoch 8 with p_k 0.07543503480278423 and threshold 0.35000000000000003[0m
2019-05-22 12:04:35,334 - DEBUG - Training Epoch: 10, Loss: 0.05727.
2019-05-22 12:05:15,670 - INFO - Validating Epoch: 10, accuracy: 0.9796, Pk: 0.0672, Windiff: -1.0, F1: 0.8387 . 
2019-05-22 12:05:54,315 - DEBUG - Testing Epoch: 10, accuracy: 0.9799, Pk: 0.06731, Windiff: -1.0, F1: 0.8417 . 
2019-05-22 12:05:54,315 - DEBUG - [32mCurrent best model from epoch 9 with p_k 0.06731438515081206 and threshold 0.35000000000000003[0m
2019-05-22 12:27:38,216 - DEBUG - Running with config {'cuda': True, 'choidataset': '/home/ec2-user/ELS/py3/1_test/text-segmentation/data/data_els/Deep-L/data', 'test': True, 'bs': 16, 'test_bs': 10, 'epochs': 20, 'model': 'max_sentence_embedding', 'load_from': None, 'expname': 'exp1', 'checkpoint_dir': 'checkpoints', 'stop_after': None, 'config': 'config.json', 'wiki': False, 'num_workers': 0, 'high_granularity': False, 'infer': None}
2019-05-22 13:34:38,178 - DEBUG - Running with config {'choidataset': '/home/ec2-user/ELS/py3/1_test/text-segmentation/data/data_els/Deep-L/data-Train/', 'cuda': True, 'test': True, 'bs': 10, 'test_bs': 6, 'epochs': 15, 'model': 'max_sentence_embedding', 'load_from': None, 'expname': 'exp1', 'checkpoint_dir': 'checkpoints', 'stop_after': None, 'config': 'config.json', 'wiki': False, 'num_workers': 0, 'high_granularity': False, 'infer': None}
2019-05-22 13:48:18,744 - DEBUG - Training Epoch: 1, Loss: 0.162.
2019-05-22 13:49:03,488 - INFO - Validating Epoch: 1, accuracy: 0.9717, Pk: 0.2498, Windiff: -1.0, F1: 0.0 . 
2019-05-22 13:49:45,904 - DEBUG - Testing Epoch: 1, accuracy: 0.9717, Pk: 0.2498, Windiff: -1.0, F1: 0.0 . 
2019-05-22 13:49:45,905 - DEBUG - [32mCurrent best model from epoch 0 with p_k 0.24978389405622212 and threshold 0.05[0m
2019-05-22 14:03:38,181 - DEBUG - Training Epoch: 2, Loss: 0.1201.
2019-05-22 14:04:22,276 - INFO - Validating Epoch: 2, accuracy: 0.9717, Pk: 0.2428, Windiff: -1.0, F1: 0.0 . 
2019-05-22 14:05:05,101 - DEBUG - Testing Epoch: 2, accuracy: 0.9717, Pk: 0.2469, Windiff: -1.0, F1: 0.0 . 
2019-05-22 14:05:05,103 - DEBUG - [32mCurrent best model from epoch 1 with p_k 0.24687943017184744 and threshold 0.1[0m
2019-05-22 14:18:15,224 - DEBUG - Running with config {'choidataset': '/home/ec2-user/ELS/py3/1_test/text-segmentation/data/data_els/Deep-L/data-Train/', 'cuda': True, 'test': True, 'bs': 8, 'test_bs': 5, 'epochs': 15, 'model': 'max_sentence_embedding', 'load_from': None, 'expname': 'exp1', 'checkpoint_dir': 'checkpoints', 'stop_after': None, 'config': 'config.json', 'wiki': False, 'num_workers': 0, 'high_granularity': False, 'infer': None}
2019-05-22 14:28:57,704 - DEBUG - Training Epoch: 1, Loss: 0.155.
2019-05-22 14:29:42,503 - INFO - Validating Epoch: 1, accuracy: 0.9717, Pk: 0.2498, Windiff: -1.0, F1: 0.0 . 
2019-05-22 14:30:25,834 - DEBUG - Testing Epoch: 1, accuracy: 0.9717, Pk: 0.2498, Windiff: -1.0, F1: 0.0 . 
2019-05-22 14:30:25,836 - DEBUG - [32mCurrent best model from epoch 0 with p_k 0.24978389405622212 and threshold 0.05[0m
2019-05-22 14:41:00,932 - DEBUG - Training Epoch: 2, Loss: 0.116.
2019-05-22 14:41:45,657 - INFO - Validating Epoch: 2, accuracy: 0.9717, Pk: 0.2498, Windiff: -1.0, F1: 0.0 . 
2019-05-22 14:52:36,837 - DEBUG - Training Epoch: 3, Loss: 0.0855.
2019-05-22 14:53:21,730 - INFO - Validating Epoch: 3, accuracy: 0.9717, Pk: 0.1976, Windiff: -1.0, F1: 0.0 . 
2019-05-22 14:54:05,037 - DEBUG - Testing Epoch: 3, accuracy: 0.9717, Pk: 0.1971, Windiff: -1.0, F1: 0.0 . 
2019-05-22 14:54:05,039 - DEBUG - [32mCurrent best model from epoch 2 with p_k 0.19712319767642889 and threshold 0.30000000000000004[0m
2019-05-22 15:05:12,782 - DEBUG - Training Epoch: 4, Loss: 0.06973.
2019-05-22 15:05:57,653 - INFO - Validating Epoch: 4, accuracy: 0.9743, Pk: 0.1656, Windiff: -1.0, F1: 0.196 . 
2019-05-22 15:06:41,104 - DEBUG - Testing Epoch: 4, accuracy: 0.9745, Pk: 0.1675, Windiff: -1.0, F1: 0.2021 . 
2019-05-22 15:06:41,107 - DEBUG - [32mCurrent best model from epoch 3 with p_k 0.1674907506656063 and threshold 0.35000000000000003[0m
2019-05-22 15:17:06,351 - DEBUG - Training Epoch: 5, Loss: 0.06205.
2019-05-22 15:17:51,708 - INFO - Validating Epoch: 5, accuracy: 0.9766, Pk: 0.1651, Windiff: -1.0, F1: 0.339 . 
2019-05-22 15:18:35,458 - DEBUG - Testing Epoch: 5, accuracy: 0.9766, Pk: 0.1615, Windiff: -1.0, F1: 0.3336 . 
2019-05-22 15:18:35,461 - DEBUG - [32mCurrent best model from epoch 4 with p_k 0.16154351509283912 and threshold 0.4[0m
2019-05-22 15:29:08,124 - DEBUG - Training Epoch: 6, Loss: 0.05904.
2019-05-22 15:29:53,057 - INFO - Validating Epoch: 6, accuracy: 0.9808, Pk: 0.1487, Windiff: -1.0, F1: 0.5878 . 
2019-05-22 15:30:36,472 - DEBUG - Testing Epoch: 6, accuracy: 0.9808, Pk: 0.1524, Windiff: -1.0, F1: 0.5852 . 
2019-05-22 15:30:36,474 - DEBUG - [32mCurrent best model from epoch 5 with p_k 0.15241520002766157 and threshold 0.5[0m
2019-05-22 15:41:12,309 - DEBUG - Training Epoch: 7, Loss: 0.05393.
2019-05-22 15:41:57,387 - INFO - Validating Epoch: 7, accuracy: 0.9815, Pk: 0.1314, Windiff: -1.0, F1: 0.5801 . 
2019-05-22 15:42:40,776 - DEBUG - Testing Epoch: 7, accuracy: 0.9814, Pk: 0.1348, Windiff: -1.0, F1: 0.5803 . 
2019-05-22 15:42:40,778 - DEBUG - [32mCurrent best model from epoch 6 with p_k 0.1348155319663912 and threshold 0.30000000000000004[0m
2019-05-22 17:01:47,502 - DEBUG - Running with config {'choidataset': '/home/ec2-user/ELS/py3/1_test/text-segmentation/data/data_els/Deep-L/data-Train/', 'cuda': True, 'test': True, 'bs': 8, 'test_bs': 5, 'epochs': 15, 'model': 'max_sentence_embedding', 'load_from': None, 'expname': 'exp1', 'checkpoint_dir': 'checkpoints', 'stop_after': None, 'config': 'config.json', 'wiki': False, 'num_workers': 0, 'high_granularity': False, 'infer': None}
2019-05-22 17:13:02,152 - DEBUG - Training Epoch: 1, Loss: 0.1477.
2019-05-22 17:13:47,394 - INFO - Validating Epoch: 1, accuracy: 0.9717, Pk: 0.2498, Windiff: -1.0, F1: 0.0 . 
2019-05-22 17:14:31,217 - DEBUG - Testing Epoch: 1, accuracy: 0.9717, Pk: 0.2498, Windiff: -1.0, F1: 0.0 . 
2019-05-22 17:14:31,220 - DEBUG - [32mCurrent best model from epoch 0 with p_k 0.24978389405622212 and threshold 0.05[0m
2019-05-22 17:25:53,621 - DEBUG - Training Epoch: 2, Loss: 0.1076.
2019-05-22 17:26:39,061 - INFO - Validating Epoch: 2, accuracy: 0.9719, Pk: 0.2298, Windiff: -1.0, F1: 0.02196 . 
2019-05-22 17:27:22,832 - DEBUG - Testing Epoch: 2, accuracy: 0.9718, Pk: 0.2319, Windiff: -1.0, F1: 0.02013 . 
2019-05-22 17:27:22,834 - DEBUG - [32mCurrent best model from epoch 1 with p_k 0.23187303343591162 and threshold 0.30000000000000004[0m
2019-05-22 17:58:36,970 - DEBUG - Running with config {'choidataset': '/home/ec2-user/ELS/py3/1_test/text-segmentation/data/data_els/Deep-L/data-Train/', 'cuda': True, 'test': True, 'bs': 8, 'test_bs': 5, 'epochs': 15, 'model': 'max_sentence_embedding', 'load_from': None, 'expname': 'exp1', 'checkpoint_dir': 'checkpoints', 'stop_after': None, 'config': 'config.json', 'wiki': False, 'num_workers': 0, 'high_granularity': False, 'infer': None}
2019-05-22 18:09:32,812 - DEBUG - Training Epoch: 1, Loss: 0.1498.
2019-05-22 18:10:18,012 - INFO - Validating Epoch: 1, accuracy: 0.9717, Pk: 0.2498, Windiff: -1.0, F1: 0.0 . 
2019-05-22 18:11:01,768 - DEBUG - Testing Epoch: 1, accuracy: 0.9717, Pk: 0.2498, Windiff: -1.0, F1: 0.0 . 
2019-05-22 18:11:01,771 - DEBUG - [32mCurrent best model from epoch 0 with p_k 0.24978389405622212 and threshold 0.05[0m
2019-05-22 18:21:45,271 - DEBUG - Training Epoch: 2, Loss: 0.1137.
2019-05-22 18:22:30,572 - INFO - Validating Epoch: 2, accuracy: 0.9717, Pk: 0.2498, Windiff: -1.0, F1: 0.0 . 
2019-05-22 18:32:42,631 - DEBUG - Training Epoch: 3, Loss: 0.07961.
2019-05-22 18:33:28,050 - INFO - Validating Epoch: 3, accuracy: 0.9754, Pk: 0.1961, Windiff: -1.0, F1: 0.3046 . 
2019-05-22 18:34:11,910 - DEBUG - Testing Epoch: 3, accuracy: 0.9752, Pk: 0.1969, Windiff: -1.0, F1: 0.2987 . 
2019-05-22 18:34:11,912 - DEBUG - [32mCurrent best model from epoch 2 with p_k 0.19688115901939768 and threshold 0.45[0m
2019-05-22 18:44:53,627 - DEBUG - Training Epoch: 4, Loss: 0.06878.
2019-05-22 18:45:38,928 - INFO - Validating Epoch: 4, accuracy: 0.9776, Pk: 0.177, Windiff: -1.0, F1: 0.4527 . 
2019-05-22 18:46:22,686 - DEBUG - Testing Epoch: 4, accuracy: 0.9775, Pk: 0.1785, Windiff: -1.0, F1: 0.4524 . 
2019-05-22 18:46:22,688 - DEBUG - [32mCurrent best model from epoch 3 with p_k 0.1784862210850247 and threshold 0.5[0m
2019-05-22 18:57:17,427 - DEBUG - Training Epoch: 5, Loss: 0.0601.
2019-05-22 18:58:02,804 - INFO - Validating Epoch: 5, accuracy: 0.9799, Pk: 0.1493, Windiff: -1.0, F1: 0.5552 . 
2019-05-22 18:58:46,665 - DEBUG - Testing Epoch: 5, accuracy: 0.9799, Pk: 0.154, Windiff: -1.0, F1: 0.5589 . 
2019-05-22 18:58:46,668 - DEBUG - [32mCurrent best model from epoch 4 with p_k 0.15397116282286227 and threshold 0.45[0m
2019-05-22 19:09:43,795 - DEBUG - Training Epoch: 6, Loss: 0.05908.
2019-05-22 19:10:29,066 - INFO - Validating Epoch: 6, accuracy: 0.9794, Pk: 0.1473, Windiff: -1.0, F1: 0.5263 . 
2019-05-22 19:11:12,863 - DEBUG - Testing Epoch: 6, accuracy: 0.9792, Pk: 0.1512, Windiff: -1.0, F1: 0.5129 . 
2019-05-22 19:11:12,865 - DEBUG - [32mCurrent best model from epoch 5 with p_k 0.151170429791501 and threshold 0.4[0m
2019-05-22 19:21:46,925 - DEBUG - Training Epoch: 7, Loss: 0.0536.
2019-05-22 19:22:32,214 - INFO - Validating Epoch: 7, accuracy: 0.9814, Pk: 0.1308, Windiff: -1.0, F1: 0.6359 . 
2019-05-22 19:23:15,988 - DEBUG - Testing Epoch: 7, accuracy: 0.9812, Pk: 0.1309, Windiff: -1.0, F1: 0.6313 . 
2019-05-22 19:23:15,991 - DEBUG - [32mCurrent best model from epoch 6 with p_k 0.13090833650288716 and threshold 0.5[0m
2019-05-22 19:33:48,094 - DEBUG - Training Epoch: 8, Loss: 0.05034.
2019-05-22 19:34:33,385 - INFO - Validating Epoch: 8, accuracy: 0.9827, Pk: 0.1256, Windiff: -1.0, F1: 0.6809 . 
2019-05-22 19:35:17,292 - DEBUG - Testing Epoch: 8, accuracy: 0.9828, Pk: 0.13, Windiff: -1.0, F1: 0.6874 . 
2019-05-22 19:35:17,295 - DEBUG - [32mCurrent best model from epoch 7 with p_k 0.1300093357767712 and threshold 0.65[0m
2019-05-22 19:46:20,823 - DEBUG - Training Epoch: 9, Loss: 0.04704.
2019-05-22 19:47:06,019 - INFO - Validating Epoch: 9, accuracy: 0.9835, Pk: 0.1218, Windiff: -1.0, F1: 0.6523 . 
2019-05-22 19:47:49,872 - DEBUG - Testing Epoch: 9, accuracy: 0.9831, Pk: 0.1261, Windiff: -1.0, F1: 0.643 . 
2019-05-22 19:47:49,874 - DEBUG - [32mCurrent best model from epoch 8 with p_k 0.12610214031326716 and threshold 0.5[0m
2019-05-22 19:58:55,645 - DEBUG - Training Epoch: 10, Loss: 0.04286.
2019-05-22 19:59:41,062 - INFO - Validating Epoch: 10, accuracy: 0.984, Pk: 0.1105, Windiff: -1.0, F1: 0.6576 . 
2019-05-22 20:00:24,915 - DEBUG - Testing Epoch: 10, accuracy: 0.9837, Pk: 0.1111, Windiff: -1.0, F1: 0.6517 . 
2019-05-22 20:00:24,917 - DEBUG - [32mCurrent best model from epoch 9 with p_k 0.11109574357733135 and threshold 0.35000000000000003[0m
2019-05-22 20:11:29,635 - DEBUG - Training Epoch: 11, Loss: 0.04351.
2019-05-22 20:12:14,865 - INFO - Validating Epoch: 11, accuracy: 0.98, Pk: 0.09391, Windiff: -1.0, F1: 0.4858 . 
2019-05-22 20:12:58,629 - DEBUG - Testing Epoch: 11, accuracy: 0.9799, Pk: 0.09969, Windiff: -1.0, F1: 0.4848 . 
2019-05-22 20:12:58,631 - DEBUG - [32mCurrent best model from epoch 10 with p_k 0.09968534974585941 and threshold 0.2[0m
2019-05-22 20:23:58,988 - DEBUG - Training Epoch: 12, Loss: 0.03923.
2019-05-22 20:24:44,379 - INFO - Validating Epoch: 12, accuracy: 0.9759, Pk: 0.1098, Windiff: -1.0, F1: 0.6659 . 
2019-05-22 20:35:51,649 - DEBUG - Training Epoch: 13, Loss: 0.04047.
2019-05-22 20:36:37,024 - INFO - Validating Epoch: 13, accuracy: 0.987, Pk: 0.08406, Windiff: -1.0, F1: 0.7578 . 
2019-05-22 20:37:20,849 - DEBUG - Testing Epoch: 13, accuracy: 0.9877, Pk: 0.08655, Windiff: -1.0, F1: 0.7699 . 
2019-05-22 20:37:20,851 - DEBUG - [32mCurrent best model from epoch 12 with p_k 0.08654610836416445 and threshold 0.45[0m
2019-05-22 20:47:55,583 - DEBUG - Training Epoch: 14, Loss: 0.03732.
2019-05-22 20:48:41,001 - INFO - Validating Epoch: 14, accuracy: 0.9877, Pk: 0.08191, Windiff: -1.0, F1: 0.776 . 
2019-05-22 20:49:24,903 - DEBUG - Testing Epoch: 14, accuracy: 0.9869, Pk: 0.09087, Windiff: -1.0, F1: 0.7561 . 
2019-05-22 20:49:24,905 - DEBUG - [32mCurrent best model from epoch 13 with p_k 0.090868227239722 and threshold 0.55[0m
2019-05-23 09:18:51,172 - DEBUG - Running with config {'choidataset': '/home/ec2-user/ELS/py3/1_test/text-segmentation/data/data_els/Deep-L/data-Train/', 'cuda': True, 'test': True, 'bs': 8, 'test_bs': 5, 'epochs': 10, 'model': 'max_sentence_embedding', 'load_from': None, 'expname': 'exp1', 'checkpoint_dir': 'checkpoints', 'stop_after': None, 'config': 'config.json', 'wiki': False, 'num_workers': 0, 'high_granularity': False, 'infer': None}
2019-05-23 09:29:39,025 - DEBUG - Training Epoch: 1, Loss: 0.02561.
2019-05-23 09:30:24,179 - INFO - Validating Epoch: 1, accuracy: 1.0, Pk: 0.0, Windiff: -1.0, F1: 0.0 . 
2019-05-23 09:31:35,394 - DEBUG - Running with config {'choidataset': '/home/ec2-user/ELS/py3/1_test/text-segmentation/data/data_els/Deep-L/data-Train/', 'cuda': True, 'test': True, 'bs': 8, 'test_bs': 5, 'epochs': 10, 'model': 'max_sentence_embedding', 'load_from': None, 'expname': 'exp1', 'checkpoint_dir': 'checkpoints', 'stop_after': None, 'config': 'config.json', 'wiki': False, 'num_workers': 0, 'high_granularity': False, 'infer': None}
2019-05-23 09:42:23,188 - DEBUG - Training Epoch: 1, Loss: 0.02438.
2019-05-23 09:43:08,263 - INFO - Validating Epoch: 1, accuracy: 1.0, Pk: 0.0, Windiff: -1.0, F1: 0.0 . 
2019-05-23 09:43:51,738 - DEBUG - Testing Epoch: 1, accuracy: 1.0, Pk: 0.0, Windiff: -1.0, F1: 0.0 . 
2019-05-23 09:43:51,741 - DEBUG - [32mCurrent best model from epoch 0 with p_k 0.0 and threshold 0.05[0m
2019-05-23 09:55:20,922 - DEBUG - Training Epoch: 2, Loss: 0.0.
2019-05-23 09:56:06,101 - INFO - Validating Epoch: 2, accuracy: 1.0, Pk: 0.0, Windiff: -1.0, F1: 0.0 . 
2019-05-23 09:58:27,723 - DEBUG - Running with config {'cuda': True, 'choidataset': '/home/ec2-user/ELS/py3/1_test/text-segmentation/data/data_els/Deep-L/data-Train/', 'test': True, 'bs': 8, 'test_bs': 5, 'epochs': 10, 'model': 'max_sentence_embedding', 'load_from': None, 'expname': 'exp1', 'checkpoint_dir': 'checkpoints', 'stop_after': None, 'config': 'config.json', 'wiki': False, 'num_workers': 0, 'high_granularity': False, 'infer': None}
2019-05-23 09:59:11,594 - DEBUG - Running with config {'cuda': True, 'choidataset': '/home/ec2-user/ELS/py3/1_test/text-segmentation/data/data_els/Deep-L/data-Train/', 'test': True, 'bs': 8, 'test_bs': 5, 'epochs': 10, 'model': 'max_sentence_embedding', 'load_from': None, 'expname': 'exp1', 'checkpoint_dir': 'checkpoints', 'stop_after': None, 'config': 'config.json', 'wiki': False, 'num_workers': 0, 'high_granularity': False, 'infer': None}
2019-05-23 10:10:41,818 - DEBUG - Training Epoch: 1, Loss: 0.02403.
2019-05-23 10:11:26,863 - INFO - Validating Epoch: 1, accuracy: 1.0, Pk: 0.0, Windiff: -1.0, F1: 0.0 . 
2019-05-23 10:12:10,324 - DEBUG - Testing Epoch: 1, accuracy: 1.0, Pk: 0.0, Windiff: -1.0, F1: 0.0 . 
2019-05-23 10:12:10,325 - DEBUG - [32mCurrent best model from epoch 0 with p_k 0.0 and threshold 0.05[0m
