Training : LOSS = 0.1377: 100%|██████████| 2028/2028 [1:10:05<00:00,  1.83s/it]   
Validatinging: 100%|██████████| 812/812 [09:24<00:00,  2.61it/s]2019-06-13 13:45:09,402 - INFO - Validating Epoch: 1, accuracy: 0.9591, Pk: 0.1901, Windiff: -1.0, F1: 0.5918 . 
Testing: 100%|██████████| 812/812 [08:53<00:00,  2.69it/s]
Training : LOSS = 0.06231: 100%|██████████| 2028/2028 [58:19<00:00,  1.62s/it]  
Validatinging: 100%|██████████| 812/812 [09:09<00:00,  2.61it/s]2019-06-13 15:01:32,074 - INFO - Validating Epoch: 2, accuracy: 0.9626, Pk: 0.1721, Windiff: -1.0, F1: 0.6628 . 
Testing: 100%|██████████| 812/812 [08:53<00:00,  2.66it/s]
Training : LOSS = 0.0404: 100%|██████████| 2028/2028 [58:26<00:00,  1.37s/it]   
Validatinging: 100%|██████████| 812/812 [09:07<00:00,  2.61it/s]2019-06-13 16:17:59,415 - INFO - Validating Epoch: 3, accuracy: 0.9653, Pk: 0.1641, Windiff: -1.0, F1: 0.6626 . 
Testing: 100%|██████████| 812/812 [08:59<00:00,  2.75it/s]
Training : LOSS = 0.1168: 100%|██████████| 2028/2028 [58:15<00:00,  1.64s/it]   
Validatinging: 100%|██████████| 812/812 [09:15<00:00,  2.56it/s]2019-06-13 17:34:30,289 - INFO - Validating Epoch: 4, accuracy: 0.9668, Pk: 0.1562, Windiff: -1.0, F1: 0.7053 . 
Testing: 100%|██████████| 812/812 [09:07<00:00,  2.69it/s]
Training : LOSS = 0.09858: 100%|██████████| 2028/2028 [59:06<00:00,  1.46s/it]  
Validatinging: 100%|██████████| 812/812 [09:19<00:00,  2.59it/s]2019-06-13 18:52:04,255 - INFO - Validating Epoch: 5, accuracy: 0.9687, Pk: 0.1534, Windiff: -1.0, F1: 0.7043 . 
Testing: 100%|██████████| 812/812 [09:03<00:00,  2.63it/s]
Training : LOSS = 0.05617: 100%|██████████| 2028/2028 [58:55<00:00,  1.58s/it]  
Validatinging: 100%|██████████| 812/812 [09:18<00:00,  2.54it/s]2019-06-13 20:09:21,285 - INFO - Validating Epoch: 6, accuracy: 0.9704, Pk: 0.1406, Windiff: -1.0, F1: 0.73 . 
Testing: 100%|██████████| 812/812 [08:58<00:00,  2.70it/s]
Training : LOSS = 0.07755: 100%|██████████| 2028/2028 [58:51<00:00,  2.55s/it]  
Validatinging: 100%|██████████| 812/812 [09:19<00:00,  2.54it/s]2019-06-13 21:26:31,201 - INFO - Validating Epoch: 7, accuracy: 0.9722, Pk: 0.1355, Windiff: -1.0, F1: 0.7552 . 
Testing: 100%|██████████| 812/812 [09:04<00:00,  2.64it/s]
Training : LOSS = 0.1182: 100%|██████████| 2028/2028 [59:14<00:00,  2.93s/it]   
Validatinging: 100%|██████████| 812/812 [09:19<00:00,  2.56it/s]2019-06-13 22:44:11,005 - INFO - Validating Epoch: 8, accuracy: 0.9724, Pk: 0.1316, Windiff: -1.0, F1: 0.7493 . 
Testing: 100%|██████████| 812/812 [09:08<00:00,  2.31it/s]
Training : LOSS = 0.06696: 100%|██████████| 2028/2028 [58:17<00:00,  2.17s/it]  
Validatinging: 100%|██████████| 812/812 [09:09<00:00,  2.59it/s]2019-06-14 00:00:46,926 - INFO - Validating Epoch: 9, accuracy: 0.9745, Pk: 0.1223, Windiff: -1.0, F1: 0.7734 . 
Testing: 100%|██████████| 812/812 [08:56<00:00,  2.62it/s]
Training : LOSS = 0.05216: 100%|██████████| 2028/2028 [59:41<00:00,  1.52s/it]   
Validatinging: 100%|██████████| 812/812 [09:03<00:00,  2.64it/s]2019-06-14 01:18:29,452 - INFO - Validating Epoch: 10, accuracy: 0.9763, Pk: 0.1175, Windiff: -1.0, F1: 0.7946 . 
Testing: 100%|██████████| 812/812 [08:48<00:00,  2.75it/s]
