2019-05-23 10:29:51,558 - DEBUG - Running with config {'choidataset': '/home/ec2-user/ELS/py3/clean_/text-segmentation/data/choi/1/3-11/', 'cuda': True, 'test': True, 'bs': 8, 'test_bs': 5, 'epochs': 10, 'model': 'max_sentence_embedding', 'load_from': None, 'expname': 'exp1', 'checkpoint_dir': 'checkpoints', 'stop_after': None, 'config': 'config.json', 'wiki': False, 'num_workers': 0, 'high_granularity': False, 'infer': None}
2019-05-23 10:30:27,840 - DEBUG - Running with config {'choidataset': '/home/ec2-user/ELS/py3/clean_/text-segmentation/data/choi/1/3-11/', 'cuda': True, 'test': True, 'bs': 8, 'test_bs': 5, 'epochs': 10, 'model': 'max_sentence_embedding', 'load_from': None, 'expname': 'exp1', 'checkpoint_dir': 'checkpoints', 'stop_after': None, 'config': 'config.json', 'wiki': False, 'num_workers': 0, 'high_granularity': False, 'infer': None}
2019-05-23 10:31:17,603 - DEBUG - Training Epoch: 1, Loss: 0.4701.
2019-05-23 10:31:26,771 - INFO - Validating Epoch: 1, accuracy: 0.8723, Pk: 0.4669, Windiff: -1.0, F1: 0.0 . 
2019-05-23 10:32:06,078 - DEBUG - Running with config {'choidataset': '/home/ec2-user/ELS/py3/clean_/text-segmentation/data/choi/1/3-11/', 'cuda': True, 'test': True, 'bs': 8, 'test_bs': 5, 'epochs': 10, 'model': 'max_sentence_embedding', 'load_from': None, 'expname': 'exp1', 'checkpoint_dir': 'checkpoints', 'stop_after': None, 'config': 'config.json', 'wiki': False, 'num_workers': 0, 'high_granularity': False, 'infer': None}
2019-05-23 10:33:10,657 - DEBUG - Running with config {'choidataset': '/home/ec2-user/ELS/py3/clean_/text-segmentation/data/choi/1/3-11/', 'cuda': True, 'test': True, 'bs': 8, 'test_bs': 5, 'epochs': 10, 'model': 'max_sentence_embedding', 'load_from': None, 'expname': 'exp1', 'checkpoint_dir': 'checkpoints', 'stop_after': None, 'config': 'config.json', 'wiki': False, 'num_workers': 0, 'high_granularity': False, 'infer': None}
2019-05-23 10:38:55,013 - DEBUG - Running with config {'choidataset': '/home/ec2-user/ELS/py3/clean_/text-segmentation/data/choi/1/3-11/', 'cuda': True, 'test': True, 'bs': 8, 'test_bs': 5, 'epochs': 10, 'model': 'max_sentence_embedding', 'load_from': None, 'expname': 'exp1', 'checkpoint_dir': 'checkpoints', 'stop_after': None, 'config': 'config.json', 'wiki': False, 'num_workers': 0, 'high_granularity': False, 'infer': None}
2019-05-23 10:50:07,597 - DEBUG - Running with config {'choidataset': '/home/ec2-user/ELS/py3/clean_/text-segmentation/data/choi/1/3-11/', 'cuda': True, 'test': True, 'bs': 8, 'test_bs': 5, 'epochs': 10, 'model': 'max_sentence_embedding', 'load_from': None, 'expname': 'exp1', 'checkpoint_dir': 'checkpoints', 'stop_after': None, 'config': 'config.json', 'wiki': False, 'num_workers': 0, 'high_granularity': False, 'infer': None}
2019-05-23 10:50:22,405 - DEBUG - Running with config {'choidataset': '/home/ec2-user/ELS/py3/clean_/text-segmentation/data/choi/1/3-11/', 'cuda': True, 'test': True, 'bs': 8, 'test_bs': 5, 'epochs': 10, 'model': 'max_sentence_embedding', 'load_from': None, 'expname': 'exp1', 'checkpoint_dir': 'checkpoints', 'stop_after': None, 'config': 'config.json', 'wiki': False, 'num_workers': 0, 'high_granularity': False, 'infer': None}
2019-05-23 11:25:59,572 - DEBUG - Running with config {'choidataset': '/home/ec2-user/ELS/py3/clean_/text-segmentation/data/choi/1/3-11/', 'cuda': True, 'test': True, 'bs': 8, 'test_bs': 5, 'epochs': 10, 'model': 'max_sentence_embedding', 'load_from': None, 'expname': 'exp1', 'checkpoint_dir': 'checkpoints', 'stop_after': None, 'config': 'config.json', 'wiki': False, 'num_workers': 0, 'high_granularity': False, 'infer': None}
2019-05-23 11:28:17,149 - DEBUG - Running with config {'choidataset': '/home/ec2-user/ELS/py3/clean_/text-segmentation/data/choi/1/3-11/', 'cuda': True, 'test': True, 'bs': 8, 'test_bs': 5, 'epochs': 10, 'model': 'max_sentence_embedding', 'load_from': None, 'expname': 'exp1', 'checkpoint_dir': 'checkpoints', 'stop_after': None, 'config': 'config.json', 'wiki': False, 'num_workers': 0, 'high_granularity': False, 'infer': None}
2019-05-23 11:28:52,491 - DEBUG - Running with config {'choidataset': '/home/ec2-user/ELS/py3/clean_/text-segmentation/data/choi/1/3-11/', 'cuda': True, 'test': True, 'bs': 8, 'test_bs': 5, 'epochs': 10, 'model': 'max_sentence_embedding', 'load_from': None, 'expname': 'exp1', 'checkpoint_dir': 'checkpoints', 'stop_after': None, 'config': 'config.json', 'wiki': False, 'num_workers': 0, 'high_granularity': False, 'infer': None}
2019-05-23 11:30:12,251 - DEBUG - Running with config {'choidataset': '/home/ec2-user/ELS/py3/clean_/text-segmentation/data/choi/1/3-11/', 'cuda': True, 'test': True, 'bs': 8, 'test_bs': 5, 'epochs': 10, 'model': 'max_sentence_embedding', 'load_from': None, 'expname': 'exp1', 'checkpoint_dir': 'checkpoints', 'stop_after': None, 'config': 'config.json', 'wiki': False, 'num_workers': 0, 'high_granularity': False, 'infer': None}
2019-05-23 11:31:01,502 - DEBUG - Training Epoch: 1, Loss: 0.4744.
2019-05-23 11:31:12,703 - INFO - Validating Epoch: 1, accuracy: 0.8723, Pk: 0.4669, Windiff: -1.0, F1: 0.0 . 
2019-05-23 11:31:24,459 - DEBUG - Testing Epoch: 1, accuracy: 0.8723, Pk: 0.4669, Windiff: -1.0, F1: 0.0 . 
2019-05-23 11:31:24,461 - DEBUG - [32mCurrent best model from epoch 0 with p_k 0.46686303387334316 and threshold 0.35000000000000003[0m
2019-05-23 12:04:22,408 - DEBUG - Running with config {'cuda': True, 'choidataset': '/home/ec2-user/ELS/py3/clean_/decision-capp-segmentation/data/data-Train', 'test': False, 'bs': 8, 'test_bs': 5, 'epochs': 10, 'model': 'max_sentence_embedding', 'load_from': None, 'expname': 'exp1', 'checkpoint_dir': 'checkpoints', 'stop_after': None, 'config': 'config.json', 'wiki': False, 'num_workers': 0, 'high_granularity': False, 'infer': None}
2019-05-23 12:14:49,772 - DEBUG - Training Epoch: 1, Loss: 0.02357.
2019-05-23 12:15:35,241 - INFO - Validating Epoch: 1, accuracy: 1.0, Pk: 0.0, Windiff: -1.0, F1: 0.0 . 
2019-05-23 13:17:27,180 - DEBUG - Running with config {'cuda': True, 'choidataset': '/home/ec2-user/ELS/py3/clean_/decision-capp-segmentation/data/data-Train', 'test': False, 'bs': 8, 'test_bs': 5, 'epochs': 10, 'model': 'max_sentence_embedding', 'load_from': None, 'expname': 'exp1', 'checkpoint_dir': 'checkpoints', 'stop_after': None, 'config': 'config.json', 'wiki': False, 'num_workers': 0, 'high_granularity': False, 'infer': None}
2019-05-23 13:27:41,633 - DEBUG - Training Epoch: 1, Loss: 0.0254.
2019-05-23 13:28:26,036 - INFO - Validating Epoch: 1, accuracy: 1.0, Pk: 0.0, Windiff: -1.0, F1: 0.0 . 
2019-05-23 13:43:04,033 - DEBUG - Running with config {'cuda': True, 'choidataset': '/home/ec2-user/ELS/py3/clean_/decision-capp-segmentation/data/data-Train', 'test': False, 'bs': 8, 'test_bs': 5, 'epochs': 10, 'model': 'max_sentence_embedding', 'load_from': None, 'expname': 'exp1', 'checkpoint_dir': 'checkpoints', 'stop_after': None, 'config': 'config.json', 'wiki': False, 'num_workers': 0, 'high_granularity': False, 'infer': None}
2019-05-23 13:44:25,514 - DEBUG - Running with config {'cuda': True, 'choidataset': '/home/ec2-user/ELS/py3/clean_/decision-capp-segmentation/data/data-Train', 'test': False, 'bs': 8, 'test_bs': 5, 'epochs': 10, 'model': 'max_sentence_embedding', 'load_from': None, 'expname': 'exp1', 'checkpoint_dir': 'checkpoints', 'stop_after': None, 'config': 'config.json', 'wiki': False, 'num_workers': 0, 'high_granularity': False, 'infer': None}
2019-05-23 13:46:00,503 - DEBUG - Running with config {'cuda': True, 'choidataset': '/home/ec2-user/ELS/py3/clean_/decision-capp-segmentation/data/data-Train', 'test': False, 'bs': 8, 'test_bs': 5, 'epochs': 10, 'model': 'max_sentence_embedding', 'load_from': None, 'expname': 'exp1', 'checkpoint_dir': 'checkpoints', 'stop_after': None, 'config': 'config.json', 'wiki': False, 'num_workers': 0, 'high_granularity': False, 'infer': None}
2019-05-23 13:54:33,619 - DEBUG - Running with config {'cuda': True, 'choidataset': '/home/ec2-user/ELS/py3/clean_/decision-capp-segmentation/data/data-Train', 'test': False, 'bs': 10, 'test_bs': 5, 'epochs': 10, 'model': 'max_sentence_embedding', 'load_from': None, 'expname': 'exp1', 'checkpoint_dir': 'checkpoints', 'stop_after': None, 'config': 'config.json', 'wiki': False, 'num_workers': 0, 'high_granularity': False, 'infer': None}
2019-05-23 14:04:55,855 - DEBUG - Running with config {'cuda': True, 'choidataset': '/home/ec2-user/ELS/py3/clean_/decision-capp-segmentation/data/data-Train', 'test': False, 'bs': 15, 'test_bs': 5, 'epochs': 10, 'model': 'max_sentence_embedding', 'load_from': None, 'expname': 'exp1', 'checkpoint_dir': 'checkpoints', 'stop_after': None, 'config': 'config.json', 'wiki': False, 'num_workers': 0, 'high_granularity': False, 'infer': None}
2019-05-23 14:28:20,009 - DEBUG - Running with config {'cuda': True, 'choidataset': '/home/ec2-user/ELS/py3/clean_/decision-capp-segmentation/data/data-Train-4-macros', 'test': False, 'bs': 8, 'test_bs': 5, 'epochs': 10, 'model': 'max_sentence_embedding', 'load_from': None, 'expname': 'exp1', 'checkpoint_dir': 'checkpoints', 'stop_after': None, 'config': 'config.json', 'wiki': False, 'num_workers': 0, 'high_granularity': False, 'infer': None}
2019-05-23 14:41:31,459 - DEBUG - Running with config {'cuda': True, 'choidataset': '/home/ec2-user/ELS/py3/clean_/decision-capp-segmentation/data/data', 'test': False, 'bs': 8, 'test_bs': 5, 'epochs': 10, 'model': 'max_sentence_embedding', 'load_from': None, 'expname': 'exp1', 'checkpoint_dir': 'checkpoints', 'stop_after': None, 'config': 'config.json', 'wiki': False, 'num_workers': 0, 'high_granularity': False, 'infer': None}
2019-05-23 14:48:43,688 - DEBUG - Training Epoch: 1, Loss: 0.2059.
2019-05-23 14:49:11,929 - INFO - Validating Epoch: 1, accuracy: 0.9622, Pk: 0.3847, Windiff: -1.0, F1: 0.0 . 
2019-05-23 14:49:39,108 - DEBUG - Testing Epoch: 1, accuracy: 0.9622, Pk: 0.3847, Windiff: -1.0, F1: 0.0 . 
2019-05-23 14:49:39,109 - DEBUG - [32mCurrent best model from epoch 0 with p_k 0.38472812545800966 and threshold 0.1[0m
2019-05-23 14:57:06,276 - DEBUG - Training Epoch: 2, Loss: 0.1622.
2019-05-23 14:57:34,460 - INFO - Validating Epoch: 2, accuracy: 0.9622, Pk: 0.3847, Windiff: -1.0, F1: 0.0 . 
2019-05-23 15:05:09,718 - DEBUG - Training Epoch: 3, Loss: 0.141.
2019-05-23 15:05:37,944 - INFO - Validating Epoch: 3, accuracy: 0.9622, Pk: 0.34, Windiff: -1.0, F1: 0.0 . 
2019-05-23 15:06:05,241 - DEBUG - Testing Epoch: 3, accuracy: 0.9622, Pk: 0.3376, Windiff: -1.0, F1: 0.0 . 
2019-05-23 15:06:05,243 - DEBUG - [32mCurrent best model from epoch 2 with p_k 0.33763251746543554 and threshold 0.30000000000000004[0m
2019-05-23 15:13:18,128 - DEBUG - Training Epoch: 4, Loss: 0.1069.
2019-05-23 15:13:46,331 - INFO - Validating Epoch: 4, accuracy: 0.9681, Pk: 0.2657, Windiff: -1.0, F1: 0.4792 . 
2019-05-23 15:14:13,683 - DEBUG - Testing Epoch: 4, accuracy: 0.9683, Pk: 0.2606, Windiff: -1.0, F1: 0.4666 . 
2019-05-23 15:14:13,684 - DEBUG - [32mCurrent best model from epoch 3 with p_k 0.26058918364355854 and threshold 0.2[0m
2019-05-23 15:21:43,388 - DEBUG - Training Epoch: 5, Loss: 0.08256.
2019-05-23 15:22:11,659 - INFO - Validating Epoch: 5, accuracy: 0.9724, Pk: 0.1807, Windiff: -1.0, F1: 0.5569 . 
2019-05-23 15:22:38,955 - DEBUG - Testing Epoch: 5, accuracy: 0.9725, Pk: 0.1827, Windiff: -1.0, F1: 0.5604 . 
2019-05-23 15:22:38,956 - DEBUG - [32mCurrent best model from epoch 4 with p_k 0.18266647124920612 and threshold 0.2[0m
2019-05-23 15:56:10,034 - DEBUG - Running with config {'cuda': True, 'choidataset': '/home/ec2-user/ELS/py3/clean_/decision-capp-segmentation/data/data', 'test': False, 'bs': 8, 'test_bs': 5, 'epochs': 10, 'model': 'max_sentence_embedding', 'load_from': None, 'expname': 'exp1', 'checkpoint_dir': 'checkpoints', 'stop_after': None, 'config': 'config.json', 'wiki': False, 'num_workers': 0, 'high_granularity': False, 'infer': None}
2019-05-23 15:56:40,173 - DEBUG - Running with config {'cuda': True, 'choidataset': '/home/ec2-user/ELS/py3/clean_/decision-capp-segmentation/data/data', 'test': False, 'bs': 8, 'test_bs': 5, 'epochs': 10, 'model': 'max_sentence_embedding', 'load_from': None, 'expname': 'exp1', 'checkpoint_dir': 'checkpoints', 'stop_after': None, 'config': 'config.json', 'wiki': False, 'num_workers': 0, 'high_granularity': False, 'infer': None}
2019-05-23 16:04:04,958 - DEBUG - Training Epoch: 1, Loss: 0.2061.
2019-05-23 16:04:33,207 - INFO - Validating Epoch: 1, accuracy: 0.9622, Pk: 0.3847, Windiff: -1.0, F1: 0.0 . 
2019-05-23 16:06:11,856 - DEBUG - Running with config {'cuda': True, 'choidataset': '/home/ec2-user/ELS/py3/clean_/decision-capp-segmentation/data/data-Training', 'test': False, 'bs': 8, 'test_bs': 5, 'epochs': 10, 'model': 'max_sentence_embedding', 'load_from': None, 'expname': 'exp1', 'checkpoint_dir': 'checkpoints', 'stop_after': None, 'config': 'config.json', 'wiki': False, 'num_workers': 0, 'high_granularity': False, 'infer': None}
2019-05-23 16:16:21,027 - DEBUG - Training Epoch: 1, Loss: 0.02563.
2019-05-23 16:17:05,253 - INFO - Validating Epoch: 1, accuracy: 1.0, Pk: 0.0, Windiff: -1.0, F1: 0.0 . 
2019-05-23 18:18:16,012 - DEBUG - Running with config {'cuda': True, 'choidataset': '/home/ec2-user/ELS/py3/clean_/decision-capp-segmentation/data/data-Training', 'test': False, 'bs': 8, 'test_bs': 5, 'epochs': 10, 'model': 'max_sentence_embedding', 'load_from': None, 'expname': 'exp1', 'checkpoint_dir': 'checkpoints', 'stop_after': None, 'config': 'config.json', 'wiki': False, 'num_workers': 0, 'high_granularity': False, 'infer': None}
2019-05-23 18:27:41,734 - DEBUG - Running with config {'cuda': True, 'choidataset': '/home/ec2-user/ELS/py3/clean_/decision-capp-segmentation/data/data/', 'test': False, 'bs': 8, 'test_bs': 5, 'epochs': 10, 'model': 'max_sentence_embedding', 'load_from': None, 'expname': 'exp1', 'checkpoint_dir': 'checkpoints', 'stop_after': None, 'config': 'config.json', 'wiki': False, 'num_workers': 0, 'high_granularity': False, 'infer': None}
2019-05-23 18:35:17,292 - DEBUG - Training Epoch: 1, Loss: 0.2005.
2019-05-23 18:35:45,901 - INFO - Validating Epoch: 1, accuracy: 0.9622, Pk: 0.383, Windiff: -1.0, F1: 0.0 . 
2019-05-23 18:36:13,574 - DEBUG - Testing Epoch: 1, accuracy: 0.9622, Pk: 0.3832, Windiff: -1.0, F1: 0.0 . 
2019-05-23 18:36:13,575 - DEBUG - [32mCurrent best model from epoch 0 with p_k 0.38321364013874637 and threshold 0.05[0m
2019-05-23 18:44:23,365 - DEBUG - Training Epoch: 2, Loss: 0.1623.
2019-05-23 18:44:52,033 - INFO - Validating Epoch: 2, accuracy: 0.9622, Pk: 0.3838, Windiff: -1.0, F1: 0.0 . 
2019-05-23 18:52:16,785 - DEBUG - Training Epoch: 3, Loss: 0.1284.
2019-05-23 18:52:45,367 - INFO - Validating Epoch: 3, accuracy: 0.9622, Pk: 0.2965, Windiff: -1.0, F1: 0.0 . 
2019-05-23 18:53:12,952 - DEBUG - Testing Epoch: 3, accuracy: 0.9622, Pk: 0.2977, Windiff: -1.0, F1: 0.0 . 
2019-05-23 18:53:12,953 - DEBUG - [32mCurrent best model from epoch 2 with p_k 0.2977185011480776 and threshold 0.25[0m
2019-05-23 19:00:40,962 - DEBUG - Training Epoch: 4, Loss: 0.09741.
2019-05-23 19:01:09,596 - INFO - Validating Epoch: 4, accuracy: 0.9644, Pk: 0.2277, Windiff: -1.0, F1: 0.1217 . 
2019-05-23 19:01:37,300 - DEBUG - Testing Epoch: 4, accuracy: 0.9647, Pk: 0.2253, Windiff: -1.0, F1: 0.1411 . 
2019-05-23 19:01:37,301 - DEBUG - [32mCurrent best model from epoch 3 with p_k 0.22531633201426549 and threshold 0.15000000000000002[0m
2019-05-23 19:08:57,279 - DEBUG - Training Epoch: 5, Loss: 0.08355.
2019-05-23 19:09:26,043 - INFO - Validating Epoch: 5, accuracy: 0.9719, Pk: 0.2063, Windiff: -1.0, F1: 0.5011 . 
2019-05-23 19:09:53,675 - DEBUG - Testing Epoch: 5, accuracy: 0.9713, Pk: 0.207, Windiff: -1.0, F1: 0.4904 . 
2019-05-23 19:09:53,676 - DEBUG - [32mCurrent best model from epoch 4 with p_k 0.2070447994528311 and threshold 0.30000000000000004[0m
2019-05-23 19:17:12,619 - DEBUG - Training Epoch: 6, Loss: 0.07121.
2019-05-23 19:17:41,184 - INFO - Validating Epoch: 6, accuracy: 0.9754, Pk: 0.1829, Windiff: -1.0, F1: 0.6678 . 
2019-05-23 19:18:09,001 - DEBUG - Testing Epoch: 6, accuracy: 0.9751, Pk: 0.1875, Windiff: -1.0, F1: 0.6647 . 
2019-05-23 19:18:09,002 - DEBUG - [32mCurrent best model from epoch 5 with p_k 0.18750305339782108 and threshold 0.35000000000000003[0m
2019-05-23 19:25:44,392 - DEBUG - Training Epoch: 7, Loss: 0.06008.
2019-05-23 19:26:13,039 - INFO - Validating Epoch: 7, accuracy: 0.9822, Pk: 0.1292, Windiff: -1.0, F1: 0.7367 . 
2019-05-23 19:26:40,769 - DEBUG - Testing Epoch: 7, accuracy: 0.9816, Pk: 0.1282, Windiff: -1.0, F1: 0.7283 . 
2019-05-23 19:26:40,770 - DEBUG - [32mCurrent best model from epoch 6 with p_k 0.1281938541208657 and threshold 0.25[0m
2019-05-23 19:34:01,914 - DEBUG - Training Epoch: 8, Loss: 0.05152.
2019-05-23 19:34:30,593 - INFO - Validating Epoch: 8, accuracy: 0.9837, Pk: 0.113, Windiff: -1.0, F1: 0.7517 . 
2019-05-23 19:34:58,384 - DEBUG - Testing Epoch: 8, accuracy: 0.9837, Pk: 0.1098, Windiff: -1.0, F1: 0.7503 . 
2019-05-23 19:34:58,386 - DEBUG - [32mCurrent best model from epoch 7 with p_k 0.10977575846401876 and threshold 0.25[0m
2019-05-23 19:42:32,214 - DEBUG - Training Epoch: 9, Loss: 0.04762.
2019-05-23 19:43:00,776 - INFO - Validating Epoch: 9, accuracy: 0.9871, Pk: 0.08256, Windiff: -1.0, F1: 0.8176 . 
2019-05-23 19:43:28,439 - DEBUG - Testing Epoch: 9, accuracy: 0.9875, Pk: 0.08178, Windiff: -1.0, F1: 0.8234 . 
2019-05-23 19:43:28,441 - DEBUG - [32mCurrent best model from epoch 8 with p_k 0.08178220724021691 and threshold 0.25[0m
2019-05-23 19:51:05,050 - DEBUG - Training Epoch: 10, Loss: 0.04075.
2019-05-23 19:51:33,702 - INFO - Validating Epoch: 10, accuracy: 0.9885, Pk: 0.07025, Windiff: -1.0, F1: 0.8399 . 
2019-05-23 19:52:01,432 - DEBUG - Testing Epoch: 10, accuracy: 0.9883, Pk: 0.0703, Windiff: -1.0, F1: 0.8368 . 
2019-05-23 19:52:01,433 - DEBUG - [32mCurrent best model from epoch 9 with p_k 0.07030143143289853 and threshold 0.30000000000000004[0m
2019-05-24 09:04:22,580 - DEBUG - Running with config {'cuda': True, 'choidataset': '/home/ec2-user/ELS/py3/clean_/decision-capp-segmentation/data/data-Train/', 'test': False, 'bs': 8, 'test_bs': 5, 'epochs': 10, 'model': 'max_sentence_embedding', 'load_from': None, 'expname': 'exp1', 'checkpoint_dir': 'checkpoints', 'stop_after': None, 'config': 'config.json', 'wiki': False, 'num_workers': 0, 'high_granularity': False, 'infer': None}
2019-05-24 09:18:46,667 - DEBUG - Running with config {'cuda': True, 'choidataset': '/home/ec2-user/ELS/py3/clean_/decision-capp-segmentation/data/data-Train/', 'test': False, 'bs': 8, 'test_bs': 5, 'epochs': 10, 'model': 'max_sentence_embedding', 'load_from': None, 'expname': 'exp1', 'checkpoint_dir': 'checkpoints', 'stop_after': None, 'config': 'config.json', 'wiki': False, 'num_workers': 0, 'high_granularity': False, 'infer': None}
2019-05-24 09:23:18,686 - DEBUG - Running with config {'cuda': True, 'choidataset': '/home/ec2-user/ELS/py3/clean_/decision-capp-segmentation/data/data-n-micros/', 'test': False, 'bs': 8, 'test_bs': 5, 'epochs': 10, 'model': 'max_sentence_embedding', 'load_from': None, 'expname': 'exp1', 'checkpoint_dir': 'checkpoints', 'stop_after': None, 'config': 'config.json', 'wiki': False, 'num_workers': 0, 'high_granularity': False, 'infer': None}
2019-05-24 11:30:31,182 - DEBUG - Running with config {'cuda': True, 'choidataset': '/home/ec2-user/ELS/py3/clean_/decision-capp-segmentation/data/data-n-micros/', 'test': False, 'bs': 8, 'test_bs': 5, 'epochs': 10, 'model': 'max_sentence_embedding', 'load_from': None, 'expname': 'exp1', 'checkpoint_dir': 'checkpoints', 'stop_after': None, 'config': 'config.json', 'wiki': False, 'num_workers': 0, 'high_granularity': False, 'infer': None}
